<?xml version="1.0" encoding="UTF-8"?>
<!-- Generated by org.testng.reporters.JUnitXMLReporter -->
<testsuite ignored="0" hostname="Tarun" failures="0" tests="5" name="Default test" time="66.624" errors="0" timestamp="2023-05-05T17:15:56 IST">
  <testcase classname="Unit_Testing_Tool.main_method" name="start" time="46.974"/>
  <testcase classname="Unit_Testing_Tool.main_method" name="start" time="4.59"/>
  <testcase classname="Unit_Testing_Tool.main_method" name="start" time="59.672"/>
  <testcase classname="Unit_Testing_Tool.main_method" name="start3" time="3.139"/>
  <testcase classname="Unit_Testing_Tool.main_method" name="start1" time="3.755"/>
</testsuite> <!-- Default test -->
