<?xml version="1.0" encoding="UTF-8"?>
<testng-results ignored="0" total="5" passed="5" failed="0" skipped="0">
  <reporter-output>
    <line>
      <![CDATA[priority is -3]]>
    </line>
    <line>
      <![CDATA[priority is -3]]>
    </line>
    <line>
      <![CDATA[priority is -3]]>
    </line>
    <line>
      <![CDATA[priority is 3]]>
    </line>
    <line>
      <![CDATA[priority is 0]]>
    </line>
  </reporter-output>
  <suite started-at="2023-05-05T17:14:49 IST" name="Default suite" finished-at="2023-05-05T17:15:56 IST" duration-ms="66624">
    <groups>
    </groups>
    <test started-at="2023-05-05T17:14:49 IST" name="Default test" finished-at="2023-05-05T17:15:56 IST" duration-ms="66624">
      <class name="Unit_Testing_Tool.main_method">
        <test-method signature="start()[pri:-3, instance:Unit_Testing_Tool.main_method@87a85e1]" started-at="2023-05-05T17:14:49 IST" name="start" finished-at="2023-05-05T17:15:49 IST" duration-ms="59672" status="PASS">
          <reporter-output>
            <line>
              <![CDATA[priority is -3]]>
            </line>
          </reporter-output>
        </test-method> <!-- start -->
        <test-method signature="start()[pri:-3, instance:Unit_Testing_Tool.main_method@87a85e1]" started-at="2023-05-05T17:14:49 IST" name="start" finished-at="2023-05-05T17:15:36 IST" duration-ms="46974" status="PASS">
          <reporter-output>
            <line>
              <![CDATA[priority is -3]]>
            </line>
          </reporter-output>
        </test-method> <!-- start -->
        <test-method signature="start()[pri:-3, instance:Unit_Testing_Tool.main_method@87a85e1]" started-at="2023-05-05T17:15:36 IST" name="start" finished-at="2023-05-05T17:15:41 IST" duration-ms="4590" status="PASS">
          <reporter-output>
            <line>
              <![CDATA[priority is -3]]>
            </line>
          </reporter-output>
        </test-method> <!-- start -->
        <test-method signature="start3()[pri:0, instance:Unit_Testing_Tool.main_method@87a85e1]" started-at="2023-05-05T17:15:49 IST" name="start3" finished-at="2023-05-05T17:15:52 IST" duration-ms="3139" status="PASS">
          <reporter-output>
            <line>
              <![CDATA[priority is 3]]>
            </line>
          </reporter-output>
        </test-method> <!-- start3 -->
        <test-method signature="start1()[pri:3, instance:Unit_Testing_Tool.main_method@87a85e1]" started-at="2023-05-05T17:15:52 IST" name="start1" finished-at="2023-05-05T17:15:56 IST" duration-ms="3755" status="PASS">
          <reporter-output>
            <line>
              <![CDATA[priority is 0]]>
            </line>
          </reporter-output>
        </test-method> <!-- start1 -->
      </class> <!-- Unit_Testing_Tool.main_method -->
    </test> <!-- Default test -->
  </suite> <!-- Default suite -->
</testng-results>
